2025-09-28 12:30:20 INFO [o.h.o.a.Application                     ] - Starting Application v9.3.0 using Java 21.0.6 with PID 1 (/ors.jar started by root in /home/ors)
2025-09-28 12:30:20 INFO [o.h.o.a.Application                     ] - The following 1 profile is active: "default"
2025-09-28 12:30:20 INFO [o.h.o.a.ORSEnvironmentPostProcessor     ] - 
2025-09-28 12:30:20 INFO [o.h.o.a.ORSEnvironmentPostProcessor     ] - Configuration lookup started.
2025-09-28 12:30:20 INFO [o.h.o.a.ORSEnvironmentPostProcessor     ] - ORS config file found at: /home/ors/config/ors-config.yml
2025-09-28 12:30:20 INFO [o.h.o.a.ORSEnvironmentPostProcessor     ] - Configuration file set by environment variable.
2025-09-28 12:30:20 INFO [o.h.o.a.ORSEnvironmentPostProcessor     ] - Loaded file '/home/ors/config/ors-config.yml'.
2025-09-28 12:30:20 INFO [o.h.o.a.ORSEnvironmentPostProcessor     ] - 
2025-09-28 12:30:20 INFO [o.h.o.a.ORSEnvironmentPostProcessor     ] - Environment variables overriding openrouteservice configuration parameters detected: 
2025-09-28 12:30:20 INFO [o.h.o.a.ORSEnvironmentPostProcessor     ] - ors.config.location=/home/ors/config/ors-config.yml
2025-09-28 12:30:20 INFO [o.h.o.a.ORSEnvironmentPostProcessor     ] - Configuration lookup finished.
2025-09-28 12:30:20 INFO [o.h.o.a.ORSEnvironmentPostProcessor     ] - 
2025-09-28 12:30:22 INFO [o.h.o.a.s.l.ORSInitContextListener      ] - Initializing ORS...
2025-09-28 12:30:22 INFO [o.h.o.r.RoutingProfileManager           ] - Total - 1024 MB, Free - 953.82 MB, Max: 2 GB, Used - 70.18 MB
2025-09-28 12:30:22 INFO [o.h.o.r.RoutingProfileManager           ] - ====> Initializing 1 profiles (1 threads) ...
2025-09-28 12:30:22 INFO [o.h.o.r.RoutingProfileManager           ] - 1 profile configurations submitted as tasks.
2025-09-28 12:30:22 INFO [o.h.o.r.g.e.c.CorePreparationHandler    ] - Using 1 threads for ch preparation threads
2025-09-28 12:30:22 INFO [o.h.o.r.g.e.c.CoreLMPreparationHandler  ] - Using 1 threads for lm preparation threads
2025-09-28 12:30:22 INFO [o.h.o.r.g.e.c.CorePreparationHandler    ] - Using 1 threads for ch preparation threads
2025-09-28 12:30:22 INFO [o.h.o.r.g.e.c.CoreLMPreparationHandler  ] - Using 1 threads for lm preparation threads
2025-09-28 12:30:22 INFO [o.h.o.r.g.e.c.CoreLMPreparationHandler  ] - Loaded landmark splitting collection from 
2025-09-28 12:30:22 INFO [o.h.o.r.g.e.ORSGraphHopper              ] - version v4.9.8|2025-04-28T13:05:33Z (7,20,5,4,5,7)
2025-09-28 12:30:22 INFO [o.h.o.r.g.e.ORSGraphHopper              ] - graph CH|car_ors|RAM_STORE|3D|turn_cost|,,,,, details:edges:0(0MB), nodes:0(0MB), name:(0MB), geo:0(0MB), bounds:1.7976931348623157E308,-1.7976931348623157E308,1.7976931348623157E308,-1.7976931348623157E308,1.7976931348623157E308,-1.7976931348623157E308, shortcuts:0 (0MB), nodesCH:-1 (0MB), shortcuts:0 (0MB), nodesCH:-1 (0MB), shortcuts:0 (0MB), nodesCH:-1 (0MB)
2025-09-28 12:30:22 INFO [o.h.o.r.g.e.ORSGraphHopper              ] - No custom areas are used, custom_areas.directory not given
2025-09-28 12:30:22 INFO [o.h.o.r.g.e.ORSGraphHopper              ] - start creating graph from /home/ors/files/example-heidelberg.test.pbf
2025-09-28 12:30:22 INFO [o.h.o.r.g.e.ORSGraphHopper              ] - using CH|car_ors|RAM_STORE|3D|turn_cost|,,,,, memory:totalMB:1024, usedMB:235
2025-09-28 12:30:23 INFO [o.h.o.a.Application                     ] - Started Application in 3.016 seconds (process running for 4.028)
2025-09-28 12:30:23 INFO [o.h.o.a.Application                     ] - openrouteservice {"build_date":"2025-06-06T15:39:25Z","graph_version":"2","version":"9.3.0"}
2025-09-28 12:30:50 INFO [o.h.o.r.g.e.ORSGraphHopper              ] - call cleanUp for 'graphs/driving-car' 
2025-09-28 12:30:50 INFO [o.h.o.r.g.e.ORSGraphHopper              ] - graph CH|car_ors|RAM_STORE|3D|turn_cost|7,20,5,4,5, details:edges:20 824(1MB), nodes:17 462(1MB), name:(2MB), geo:137 672(1MB), bounds:7.7084693,9.103966900000001,49.3325699,49.5168325,89.0,582.0, shortcuts:0 (1MB), nodesCH:-1 (1MB), shortcuts:0 (1MB), nodesCH:-1 (1MB), shortcuts:0 (1MB), nodesCH:-1 (1MB)
2025-09-28 12:30:51 INFO [o.h.o.r.g.e.ORSGraphHopper              ] - nodes: 17 462, edges: 20 824
2025-09-28 12:30:51 INFO [o.h.o.r.g.e.ORSGraphHopper              ] - Bridge interpolation 0s, tunnel interpolation 0s, ferry interpolation 0s
2025-09-28 12:30:51 INFO [o.h.o.r.g.e.c.CorePreparationHandler    ] - Creating CH preparations, totalMB:1024, usedMB:402
2025-09-28 12:30:51 INFO [o.h.o.r.g.e.c.CorePreparationHandler    ] - 1/2 calling CH prepare.doWork for profile 'car_ors_fastest_with_turn_costs' EDGE_BASED ... (totalMB:1024, usedMB:402)
2025-09-28 12:30:51 INFO [o.h.o.r.g.e.c.PrepareCore               ] - Creating Core graph, totalMB:1024, usedMB:403
2025-09-28 12:30:51 INFO [o.h.o.r.g.e.c.CorePreparationHandler    ] - 2/2 calling CH prepare.doWork for profile 'car_ors_shortest_with_turn_costs' EDGE_BASED ... (totalMB:1024, usedMB:402)
2025-09-28 12:30:51 INFO [o.h.o.r.g.e.c.PrepareCore               ] - Building Core graph, totalMB:1024, usedMB:403
2025-09-28 12:30:51 INFO [o.h.o.r.g.e.c.PrepareCore               ] - Finished building Core graph, took: 0.041274223s, totalMB:1024, usedMB:423
2025-09-28 12:30:51 INFO [o.h.o.r.g.e.c.PrepareCore               ] - Building initial queue of nodes to be contracted: 17462 nodes, totalMB:1024, usedMB:441
2025-09-28 12:30:51 INFO [o.h.o.r.g.e.c.PrepareCore               ] - Finished building queue, took: 0.022925936s, totalMB:1024, usedMB:442
2025-09-28 12:30:51 INFO [o.h.o.r.g.e.c.PrepareCore               ] - edge, nodes:     16 177, shortcuts:          0, updates:  0, checked-nodes:          0, t(total):   0.10,  t(period):   0.02, t(lazy):   0.00, t(neighbor):   0.00, t(contr):   0.00, t(other) :   0.08, dijkstra-ratio:   1.60%, meanDegree: 1.19, dijkstras:     55 775, mem:        0MB, totalMB:1024, usedMB:442
2025-09-28 12:30:51 INFO [o.h.o.r.g.e.c.PrepareCore               ] - edge, nodes:     15 404, shortcuts:          0, updates:  0, checked-nodes:        809, t(total):   0.11,  t(period):   0.02, t(lazy):   0.00, t(neighbor):   0.00, t(contr):   0.00, t(other) :   0.08, dijkstra-ratio:   1.71%, meanDegree: 1.00, dijkstras:     55 783, mem:        0MB, totalMB:1024, usedMB:442
2025-09-28 12:30:51 INFO [o.h.o.r.g.e.c.PrepareCore               ] - edge, nodes:     14 628, shortcuts:          0, updates:  0, checked-nodes:      1 618, t(total):   0.11,  t(period):   0.02, t(lazy):   0.00, t(neighbor):   0.00, t(contr):   0.01, t(other) :   0.08, dijkstra-ratio:   1.66%, meanDegree: 1.00, dijkstras:     55 783, mem:        0MB, totalMB:1024, usedMB:442
2025-09-28 12:30:51 INFO [o.h.o.r.g.e.c.PrepareCore               ] - edge, nodes:     13 869, shortcuts:          0, updates:  0, checked-nodes:      2 427, t(total):   0.11,  t(period):   0.02, t(lazy):   0.00, t(neighbor):   0.00, t(contr):   0.01, t(other) :   0.08, dijkstra-ratio:   1.61%, meanDegree: 1.00, dijkstras:     55 783, mem:        0MB, totalMB:1024, usedMB:442
2025-09-28 12:30:51 INFO [o.h.o.r.g.e.c.PrepareCore               ] - edge, nodes:     13 125, shortcuts:          0, updates:  0, checked-nodes:      3 236, t(total):   0.12,  t(period):   0.02, t(lazy):   0.00, t(neighbor):   0.00, t(contr):   0.01, t(other) :   0.08, dijkstra-ratio:   1.57%, meanDegree: 1.00, dijkstras:     55 783, mem:        0MB, totalMB:1024, usedMB:443
2025-09-28 12:30:51 INFO [o.h.o.r.g.e.c.PrepareCore               ] - edge, nodes:     12 369, shortcuts:          0, updates:  0, checked-nodes:      4 045, t(total):   0.12,  t(period):   0.02, t(lazy):   0.00, t(neighbor):   0.00, t(contr):   0.01, t(other) :   0.09, dijkstra-ratio:   1.53%, meanDegree: 1.00, dijkstras:     55 783, mem:        0MB, totalMB:1024, usedMB:443
2025-09-28 12:30:51 INFO [o.h.o.r.g.e.c.PrepareCore               ] - edge, nodes:     11 645, shortcuts:          7, updates:  0, checked-nodes:      4 854, t(total):   0.13,  t(period):   0.02, t(lazy):   0.01, t(neighbor):   0.00, t(contr):   0.01, t(other) :   0.09, dijkstra-ratio:   4.29%, meanDegree: 1.89, dijkstras:     56 872, mem:        0MB, totalMB:1024, usedMB:443
2025-09-28 12:30:51 INFO [o.h.o.r.g.e.c.PrepareCore               ] - edge, nodes:     10 954, shortcuts:         38, updates:  0, checked-nodes:      5 663, t(total):   0.15,  t(period):   0.02, t(lazy):   0.01, t(neighbor):   0.00, t(contr):   0.02, t(other) :   0.09, dijkstra-ratio:   9.60%, meanDegree: 1.78, dijkstras:     59 150, mem:        0MB, totalMB:1024, usedMB:443
2025-09-28 12:30:51 INFO [o.h.o.r.g.e.c.PrepareCore               ] - edge, nodes:     10 327, shortcuts:         72, updates:  0, checked-nodes:      6 472, t(total):   0.16,  t(period):   0.02, t(lazy):   0.02, t(neighbor):   0.00, t(contr):   0.02, t(other) :   0.10, dijkstra-ratio:  13.29%, meanDegree: 1.64, dijkstras:     61 337, mem:        0MB, totalMB:1024, usedMB:444
2025-09-28 12:30:51 INFO [o.h.o.r.g.e.c.PrepareCore               ] - edge, nodes:      9 733, shortcuts:        224, updates:  0, checked-nodes:      7 281, t(total):   0.17,  t(period):   0.02, t(lazy):   0.03, t(neighbor):   0.00, t(contr):   0.03, t(other) :   0.10, dijkstra-ratio:  17.03%, meanDegree: 2.00, dijkstras:     63 492, mem:        0MB, totalMB:1024, usedMB:444
2025-09-28 12:30:51 INFO [o.h.o.r.g.e.c.PrepareCore               ] - edge, nodes:      9 106, shortcuts:        735, updates:  0, checked-nodes:      8 090, t(total):   0.19,  t(period):   0.02, t(lazy):   0.03, t(neighbor):   0.00, t(contr):   0.03, t(other) :   0.10, dijkstra-ratio:  20.66%, meanDegree: 0.60, dijkstras:     65 879, mem:        0MB, totalMB:1024, usedMB:444
2025-09-28 12:30:51 INFO [o.h.o.r.g.e.c.PrepareCore               ] - edge, nodes:      8 590, shortcuts:        871, updates:  0, checked-nodes:      8 899, t(total):   0.19,  t(period):   0.02, t(lazy):   0.04, t(neighbor):   0.00, t(contr):   0.03, t(other) :   0.10, dijkstra-ratio:  20.84%, meanDegree: 1.00, dijkstras:     67 155, mem:        0MB, totalMB:1024, usedMB:444
2025-09-28 12:30:51 INFO [o.h.o.r.g.e.c.PrepareCore               ] - edge, nodes:      8 097, shortcuts:      1 310, updates:  0, checked-nodes:      9 708, t(total):   0.20,  t(period):   0.02, t(lazy):   0.04, t(neighbor):   0.00, t(contr):   0.04, t(other) :   0.10, dijkstra-ratio:  22.37%, meanDegree: 1.97, dijkstras:     69 593, mem:        0MB, totalMB:1024, usedMB:445
2025-09-28 12:30:51 INFO [o.h.o.r.g.e.c.PrepareCore               ] - edge, nodes:      7 541, shortcuts:      1 719, updates:  0, checked-nodes:     10 517, t(total):   0.21,  t(period):   0.02, t(lazy):   0.05, t(neighbor):   0.00, t(contr):   0.04, t(other) :   0.10, dijkstra-ratio:  23.74%, meanDegree: 0.00, dijkstras:     72 902, mem:        0MB, totalMB:1024, usedMB:445
2025-09-28 12:30:51 INFO [o.h.o.r.g.e.c.PrepareCore               ] - edge, nodes:      6 842, shortcuts:      2 189, updates:  0, checked-nodes:     11 326, t(total):   0.22,  t(period):   0.02, t(lazy):   0.05, t(neighbor):   0.00, t(contr):   0.04, t(other) :   0.10, dijkstra-ratio:  24.06%, meanDegree: 2.41, dijkstras:     75 245, mem:        0MB, totalMB:1024, usedMB:445
2025-09-28 12:30:51 INFO [o.h.o.r.g.e.c.PrepareCore               ] - edge, nodes:      6 133, shortcuts:      2 535, updates:  0, checked-nodes:     12 135, t(total):   0.23,  t(period):   0.02, t(lazy):   0.06, t(neighbor):   0.00, t(contr):   0.05, t(other) :   0.10, dijkstra-ratio:  25.14%, meanDegree: 2.56, dijkstras:     81 330, mem:        0MB, totalMB:1024, usedMB:446
2025-09-28 12:30:51 INFO [o.h.o.r.g.e.c.PrepareCore               ] - edge, nodes:      5 466, shortcuts:      2 962, updates:  0, checked-nodes:     12 944, t(total):   0.24,  t(period):   0.02, t(lazy):   0.06, t(neighbor):   0.00, t(contr):   0.05, t(other) :   0.11, dijkstra-ratio:  25.90%, meanDegree: 2.74, dijkstras:     87 298, mem:        0MB, totalMB:1024, usedMB:446
2025-09-28 12:30:51 INFO [o.h.o.r.g.e.c.PrepareCore               ] - edge, nodes:      4 794, shortcuts:      3 533, updates:  0, checked-nodes:     13 753, t(total):   0.25,  t(period):   0.02, t(lazy):   0.07, t(neighbor):   0.00, t(contr):   0.05, t(other) :   0.11, dijkstra-ratio:  26.68%, meanDegree: 2.19, dijkstras:     93 292, mem:        0MB, totalMB:1024, usedMB:446
2025-09-28 12:30:51 INFO [o.h.o.r.g.e.c.PrepareCore               ] - edge, nodes:      4 119, shortcuts:      4 277, updates:  0, checked-nodes:     14 562, t(total):   0.26,  t(period):   0.02, t(lazy):   0.07, t(neighbor):   0.00, t(contr):   0.06, t(other) :   0.11, dijkstra-ratio:  27.39%, meanDegree: 1.79, dijkstras:     99 184, mem:        0MB, totalMB:1024, usedMB:447
2025-09-28 12:30:51 INFO [o.h.o.r.g.e.c.PrepareCore               ] - edge, nodes:      3 433, shortcuts:      5 069, updates:  0, checked-nodes:     15 371, t(total):   0.27,  t(period):   0.02, t(lazy):   0.08, t(neighbor):   0.00, t(contr):   0.06, t(other) :   0.11, dijkstra-ratio:  28.12%, meanDegree: 2.61, dijkstras:    105 329, mem:        0MB, totalMB:1024, usedMB:447
2025-09-28 12:30:51 INFO [o.h.o.r.g.e.c.PrepareCore               ] - edge, nodes:      2 751, shortcuts:      5 983, updates:  0, checked-nodes:     16 180, t(total):   0.28,  t(period):   0.02, t(lazy):   0.08, t(neighbor):   0.00, t(contr):   0.06, t(other) :   0.11, dijkstra-ratio:  28.72%, meanDegree: 2.17, dijkstras:    111 612, mem:        0MB, totalMB:1024, usedMB:447
2025-09-28 12:30:51 INFO [o.h.o.r.g.e.c.PrepareCore               ] - edge, nodes:      2 063, shortcuts:      7 023, updates:  0, checked-nodes:     16 989, t(total):   0.29,  t(period):   0.02, t(lazy):   0.09, t(neighbor):   0.00, t(contr):   0.07, t(other) :   0.11, dijkstra-ratio:  29.22%, meanDegree: 1.94, dijkstras:    117 723, mem:        0MB, totalMB:1024, usedMB:448
2025-09-28 12:30:51 INFO [o.h.o.r.g.e.c.PrepareCore               ] - edge, nodes:      1 524, shortcuts:      8 238, updates:  0, checked-nodes:     17 798, t(total):   0.29,  t(period):   0.02, t(lazy):   0.09, t(neighbor):   0.00, t(contr):   0.07, t(other) :   0.11, dijkstra-ratio:  29.82%, meanDegree: 3.28, dijkstras:    126 097, mem:        0MB, totalMB:1024, usedMB:448
2025-09-28 12:30:51 INFO [o.h.o.r.g.e.c.PrepareCore               ] - edge, nodes:      1 002, shortcuts:      9 926, updates:  0, checked-nodes:     18 607, t(total):   0.31,  t(period):   0.02, t(lazy):   0.10, t(neighbor):   0.00, t(contr):   0.07, t(other) :   0.11, dijkstra-ratio:  30.98%, meanDegree: 2.74, dijkstras:    138 481, mem:        0MB, totalMB:1024, usedMB:449
2025-09-28 12:30:51 INFO [o.h.o.r.g.e.c.PrepareCore               ] - edge, nodes:        369, shortcuts:     11 929, updates:  0, checked-nodes:     19 416, t(total):   0.32,  t(period):   0.02, t(lazy):   0.10, t(neighbor):   0.00, t(contr):   0.08, t(other) :   0.12, dijkstra-ratio:  31.94%, meanDegree: 2.68, dijkstras:    152 398, mem:        0MB, totalMB:1024, usedMB:449
2025-09-28 12:30:51 INFO [o.h.o.r.g.e.c.PrepareCore               ] - edge, nodes:          0, shortcuts:     16 195, updates:  0, checked-nodes:     19 755, t(total):   0.33,  t(period):   0.02, t(lazy):   0.11, t(neighbor):   0.00, t(contr):   0.08, t(other) :   0.12, dijkstra-ratio:  32.14%, meanDegree: 4.97, dijkstras:    161 341, mem:        0MB, totalMB:1024, usedMB:450
2025-09-28 12:30:51 INFO [o.h.o.r.g.e.c.PrepareCore               ] - new shortcuts: 16 195, initSize:16 177, limited_access|fastest|car_ors, periodic:0, lazy:100, neighbor:0, t(total):   0.33,  t(period):   0.02, t(lazy):   0.11, t(neighbor):   0.00, t(contr):   0.08, t(other) :   0.12, dijkstra-ratio:  32.04%, lazy-overhead: 22%, totalMB:1024, usedMB:450
2025-09-28 12:30:51 INFO [o.h.o.r.g.e.c.PrepareCore               ] - shortcuts that exceed maximum weight: 0
2025-09-28 12:30:51 INFO [o.h.o.r.g.e.c.PrepareCore               ] - took: 0s, graph now - num edges: 20 824, num nodes: 17 462, num shortcuts: 16 195
2025-09-28 12:30:51 INFO [o.h.o.r.g.e.c.PrepareCore               ] - Creating Core graph, totalMB:1024, usedMB:450
2025-09-28 12:30:51 INFO [o.h.o.r.g.e.c.PrepareCore               ] - Building Core graph, totalMB:1024, usedMB:450
2025-09-28 12:30:51 INFO [o.h.o.r.g.e.c.PrepareCore               ] - Finished building Core graph, took: 0.023226196s, totalMB:1024, usedMB:459
2025-09-28 12:30:51 INFO [o.h.o.r.g.e.c.PrepareCore               ] - Building initial queue of nodes to be contracted: 17462 nodes, totalMB:1024, usedMB:465
2025-09-28 12:30:51 INFO [o.h.o.r.g.e.c.PrepareCore               ] - Finished building queue, took: 0.009939886s, totalMB:1024, usedMB:466
2025-09-28 12:30:51 INFO [o.h.o.r.g.e.c.PrepareCore               ] - edge, nodes:     16 177, shortcuts:          0, updates:  0, checked-nodes:          0, t(total):   0.05,  t(period):   0.01, t(lazy):   0.00, t(neighbor):   0.00, t(contr):   0.00, t(other) :   0.04, dijkstra-ratio:   2.64%, meanDegree: 1.19, dijkstras:     55 775, mem:        0MB, totalMB:1024, usedMB:466
2025-09-28 12:30:51 INFO [o.h.o.r.g.e.c.PrepareCore               ] - edge, nodes:     15 404, shortcuts:          0, updates:  0, checked-nodes:        809, t(total):   0.05,  t(period):   0.01, t(lazy):   0.00, t(neighbor):   0.00, t(contr):   0.00, t(other) :   0.04, dijkstra-ratio:   2.55%, meanDegree: 1.00, dijkstras:     55 783, mem:        0MB, totalMB:1024, usedMB:466
2025-09-28 12:30:51 INFO [o.h.o.r.g.e.c.PrepareCore               ] - edge, nodes:     14 628, shortcuts:          0, updates:  0, checked-nodes:      1 618, t(total):   0.05,  t(period):   0.01, t(lazy):   0.00, t(neighbor):   0.00, t(contr):   0.00, t(other) :   0.04, dijkstra-ratio:   2.47%, meanDegree: 1.00, dijkstras:     55 783, mem:        0MB, totalMB:1024, usedMB:466
2025-09-28 12:30:51 INFO [o.h.o.r.g.e.c.PrepareCore               ] - edge, nodes:     13 869, shortcuts:          0, updates:  0, checked-nodes:      2 427, t(total):   0.05,  t(period):   0.01, t(lazy):   0.00, t(neighbor):   0.00, t(contr):   0.00, t(other) :   0.04, dijkstra-ratio:   2.41%, meanDegree: 1.00, dijkstras:     55 783, mem:        0MB, totalMB:1024, usedMB:466
2025-09-28 12:30:51 INFO [o.h.o.r.g.e.c.PrepareCore               ] - edge, nodes:     13 125, shortcuts:          0, updates:  0, checked-nodes:      3 236, t(total):   0.05,  t(period):   0.01, t(lazy):   0.00, t(neighbor):   0.00, t(contr):   0.00, t(other) :   0.04, dijkstra-ratio:   2.36%, meanDegree: 1.00, dijkstras:     55 783, mem:        0MB, totalMB:1024, usedMB:467
2025-09-28 12:30:51 INFO [o.h.o.r.g.e.c.PrepareCore               ] - edge, nodes:     12 369, shortcuts:          0, updates:  0, checked-nodes:      4 045, t(total):   0.06,  t(period):   0.01, t(lazy):   0.00, t(neighbor):   0.00, t(contr):   0.00, t(other) :   0.04, dijkstra-ratio:   2.31%, meanDegree: 1.00, dijkstras:     55 783, mem:        0MB, totalMB:1024, usedMB:467
2025-09-28 12:30:51 INFO [o.h.o.r.g.e.c.PrepareCore               ] - edge, nodes:     11 648, shortcuts:          6, updates:  0, checked-nodes:      4 854, t(total):   0.06,  t(period):   0.01, t(lazy):   0.00, t(neighbor):   0.00, t(contr):   0.00, t(other) :   0.04, dijkstra-ratio:   3.79%, meanDegree: 1.75, dijkstras:     56 863, mem:        0MB, totalMB:1024, usedMB:467
2025-09-28 12:30:51 INFO [o.h.o.r.g.e.c.PrepareCore               ] - edge, nodes:     10 959, shortcuts:         36, updates:  0, checked-nodes:      5 663, t(total):   0.06,  t(period):   0.01, t(lazy):   0.00, t(neighbor):   0.00, t(contr):   0.00, t(other) :   0.05, dijkstra-ratio:   6.23%, meanDegree: 1.99, dijkstras:     59 139, mem:        0MB, totalMB:1024, usedMB:467
2025-09-28 12:30:51 INFO [o.h.o.r.g.e.c.PrepareCore               ] - edge, nodes:     10 337, shortcuts:         66, updates:  0, checked-nodes:      6 472, t(total):   0.07,  t(period):   0.01, t(lazy):   0.01, t(neighbor):   0.00, t(contr):   0.01, t(other) :   0.05, dijkstra-ratio:   8.55%, meanDegree: 1.92, dijkstras:     61 320, mem:        0MB, totalMB:1024, usedMB:468
2025-09-28 12:30:51 INFO [o.h.o.r.g.e.c.PrepareCore               ] - edge, nodes:      9 747, shortcuts:        211, updates:  0, checked-nodes:      7 281, t(total):   0.07,  t(period):   0.01, t(lazy):   0.01, t(neighbor):   0.00, t(contr):   0.01, t(other) :   0.05, dijkstra-ratio:  10.70%, meanDegree: 2.00, dijkstras:     63 469, mem:        0MB, totalMB:1024, usedMB:468
2025-09-28 12:30:52 INFO [o.h.o.r.g.e.c.PrepareCore               ] - edge, nodes:      9 123, shortcuts:        732, updates:  0, checked-nodes:      8 090, t(total):   0.07,  t(period):   0.01, t(lazy):   0.01, t(neighbor):   0.00, t(contr):   0.01, t(other) :   0.05, dijkstra-ratio:  13.00%, meanDegree: 0.40, dijkstras:     65 914, mem:        0MB, totalMB:1024, usedMB:468
2025-09-28 12:30:52 INFO [o.h.o.r.g.e.c.PrepareCore               ] - edge, nodes:      8 603, shortcuts:        855, updates:  0, checked-nodes:      8 899, t(total):   0.08,  t(period):   0.01, t(lazy):   0.01, t(neighbor):   0.00, t(contr):   0.01, t(other) :   0.05, dijkstra-ratio:  12.98%, meanDegree: 1.00, dijkstras:     67 170, mem:        0MB, totalMB:1024, usedMB:468
2025-09-28 12:30:52 INFO [o.h.o.r.g.e.c.PrepareCore               ] - edge, nodes:      8 130, shortcuts:      1 274, updates:  0, checked-nodes:      9 708, t(total):   0.08,  t(period):   0.01, t(lazy):   0.01, t(neighbor):   0.00, t(contr):   0.01, t(other) :   0.05, dijkstra-ratio:  13.94%, meanDegree: 1.35, dijkstras:     69 525, mem:        0MB, totalMB:1024, usedMB:469
2025-09-28 12:30:52 INFO [o.h.o.r.g.e.c.PrepareCore               ] - edge, nodes:      7 576, shortcuts:      1 708, updates:  0, checked-nodes:     10 517, t(total):   0.08,  t(period):   0.01, t(lazy):   0.01, t(neighbor):   0.00, t(contr):   0.01, t(other) :   0.05, dijkstra-ratio:  15.67%, meanDegree: 0.00, dijkstras:     72 935, mem:        0MB, totalMB:1024, usedMB:469
2025-09-28 12:30:52 INFO [o.h.o.r.g.e.c.PrepareCore               ] - edge, nodes:      6 871, shortcuts:      2 132, updates:  0, checked-nodes:     11 326, t(total):   0.09,  t(period):   0.01, t(lazy):   0.01, t(neighbor):   0.00, t(contr):   0.01, t(other) :   0.05, dijkstra-ratio:  16.37%, meanDegree: 1.75, dijkstras:     74 977, mem:        0MB, totalMB:1024, usedMB:469
2025-09-28 12:30:52 INFO [o.h.o.r.g.e.c.PrepareCore               ] - edge, nodes:      6 172, shortcuts:      2 539, updates:  0, checked-nodes:     12 135, t(total):   0.09,  t(period):   0.01, t(lazy):   0.02, t(neighbor):   0.00, t(contr):   0.01, t(other) :   0.05, dijkstra-ratio:  19.36%, meanDegree: 2.08, dijkstras:     81 239, mem:        0MB, totalMB:1024, usedMB:470
2025-09-28 12:30:52 INFO [o.h.o.r.g.e.c.PrepareCore               ] - edge, nodes:      5 479, shortcuts:      2 976, updates:  0, checked-nodes:     12 944, t(total):   0.10,  t(period):   0.01, t(lazy):   0.02, t(neighbor):   0.00, t(contr):   0.01, t(other) :   0.05, dijkstra-ratio:  21.47%, meanDegree: 2.17, dijkstras:     87 183, mem:        0MB, totalMB:1024, usedMB:470
2025-09-28 12:30:52 INFO [o.h.o.r.g.e.c.PrepareCore               ] - edge, nodes:      4 806, shortcuts:      3 550, updates:  0, checked-nodes:     13 753, t(total):   0.11,  t(period):   0.01, t(lazy):   0.02, t(neighbor):   0.00, t(contr):   0.02, t(other) :   0.05, dijkstra-ratio:  23.46%, meanDegree: 2.68, dijkstras:     93 292, mem:        0MB, totalMB:1024, usedMB:470
2025-09-28 12:30:52 INFO [o.h.o.r.g.e.c.PrepareCore               ] - edge, nodes:      4 128, shortcuts:      4 263, updates:  0, checked-nodes:     14 562, t(total):   0.11,  t(period):   0.01, t(lazy):   0.03, t(neighbor):   0.00, t(contr):   0.02, t(other) :   0.06, dijkstra-ratio:  25.28%, meanDegree: 2.19, dijkstras:     98 983, mem:        0MB, totalMB:1024, usedMB:471
2025-09-28 12:30:52 INFO [o.h.o.r.g.e.c.PrepareCore               ] - edge, nodes:      3 459, shortcuts:      5 070, updates:  0, checked-nodes:     15 371, t(total):   0.12,  t(period):   0.01, t(lazy):   0.03, t(neighbor):   0.00, t(contr):   0.02, t(other) :   0.06, dijkstra-ratio:  27.14%, meanDegree: 3.03, dijkstras:    105 502, mem:        0MB, totalMB:1024, usedMB:471
2025-09-28 12:30:52 INFO [o.h.o.r.g.e.c.PrepareCore               ] - edge, nodes:      2 796, shortcuts:      5 916, updates:  0, checked-nodes:     16 180, t(total):   0.12,  t(period):   0.01, t(lazy):   0.03, t(neighbor):   0.00, t(contr):   0.02, t(other) :   0.06, dijkstra-ratio:  28.55%, meanDegree: 2.61, dijkstras:    111 888, mem:        0MB, totalMB:1024, usedMB:471
2025-09-28 12:30:52 INFO [o.h.o.r.g.e.c.PrepareCore               ] - edge, nodes:      2 117, shortcuts:      7 002, updates:  0, checked-nodes:     16 989, t(total):   0.13,  t(period):   0.01, t(lazy):   0.04, t(neighbor):   0.00, t(contr):   0.02, t(other) :   0.06, dijkstra-ratio:  29.91%, meanDegree: 1.82, dijkstras:    118 598, mem:        0MB, totalMB:1024, usedMB:472
2025-09-28 12:30:52 INFO [o.h.o.r.g.e.c.PrepareCore               ] - edge, nodes:      1 562, shortcuts:      8 275, updates:  0, checked-nodes:     17 798, t(total):   0.14,  t(period):   0.01, t(lazy):   0.04, t(neighbor):   0.00, t(contr):   0.03, t(other) :   0.06, dijkstra-ratio:  32.97%, meanDegree: 2.66, dijkstras:    127 549, mem:        0MB, totalMB:1024, usedMB:472
2025-09-28 12:30:52 INFO [o.h.o.r.g.e.c.PrepareCore               ] - edge, nodes:      1 043, shortcuts:     10 017, updates:  0, checked-nodes:     18 607, t(total):   0.15,  t(period):   0.01, t(lazy):   0.05, t(neighbor):   0.00, t(contr):   0.03, t(other) :   0.06, dijkstra-ratio:  36.92%, meanDegree: 2.82, dijkstras:    141 017, mem:        0MB, totalMB:1024, usedMB:473
2025-09-28 12:30:52 INFO [o.h.o.r.g.e.c.PrepareCore               ] - edge, nodes:        433, shortcuts:     12 057, updates:  0, checked-nodes:     19 416, t(total):   0.17,  t(period):   0.01, t(lazy):   0.06, t(neighbor):   0.00, t(contr):   0.04, t(other) :   0.06, dijkstra-ratio:  39.25%, meanDegree: 4.04, dijkstras:    157 567, mem:        0MB, totalMB:1024, usedMB:473
2025-09-28 12:30:52 INFO [o.h.o.r.g.e.c.PrepareCore               ] - edge, nodes:          0, shortcuts:     17 072, updates:  0, checked-nodes:     19 899, t(total):   0.18,  t(period):   0.01, t(lazy):   0.07, t(neighbor):   0.00, t(contr):   0.04, t(other) :   0.06, dijkstra-ratio:  40.27%, meanDegree: 5.49, dijkstras:    172 914, mem:        0MB, totalMB:1024, usedMB:474
2025-09-28 12:30:52 INFO [o.h.o.r.g.e.c.PrepareCore               ] - new shortcuts: 17 072, initSize:16 177, limited_access|shortest|car_ors, periodic:0, lazy:100, neighbor:0, t(total):   0.18,  t(period):   0.01, t(lazy):   0.07, t(neighbor):   0.00, t(contr):   0.04, t(other) :   0.07, dijkstra-ratio:  40.08%, lazy-overhead: 23%, totalMB:1024, usedMB:474
2025-09-28 12:30:52 INFO [o.h.o.r.g.e.c.PrepareCore               ] - shortcuts that exceed maximum weight: 0
2025-09-28 12:30:52 INFO [o.h.o.r.g.e.c.PrepareCore               ] - took: 0s, graph now - num edges: 20 824, num nodes: 17 462, num shortcuts: 17 072
2025-09-28 12:30:52 INFO [o.h.o.r.g.e.c.CorePreparationHandler    ] - Finished CH preparation, totalMB:1024, usedMB:474
2025-09-28 12:30:52 INFO [o.h.o.r.g.e.c.CoreLMPreparationHandler  ] - Creating LM preparations, totalMB:1024, usedMB:474
2025-09-28 12:30:52 INFO [o.h.o.r.g.e.c.CoreLMPreparationHandler  ] - 1/4 calling LM prepare.doWork for limited_access|fastest|car_ors ... (totalMB:1024, usedMB:475)
2025-09-28 12:30:52 INFO [o.h.o.r.g.e.c.CoreLMPreparationHandler  ] - LM car_ors_fastest_with_turn_costs_highways finished totalMB:1024, usedMB:261
2025-09-28 12:30:52 INFO [o.h.o.r.g.e.c.CoreLMPreparationHandler  ] - 2/4 calling LM prepare.doWork for limited_access|fastest|car_ors ... (totalMB:1024, usedMB:261)
2025-09-28 12:30:52 INFO [o.h.o.r.g.e.c.CoreLMPreparationHandler  ] - LM car_ors_fastest_with_turn_costs_allow_all finished totalMB:1024, usedMB:570
2025-09-28 12:30:52 INFO [o.h.o.r.g.e.c.CoreLMPreparationHandler  ] - 3/4 calling LM prepare.doWork for limited_access|shortest|car_ors ... (totalMB:1024, usedMB:570)
2025-09-28 12:30:53 INFO [o.h.o.r.g.e.c.CoreLMPreparationHandler  ] - LM car_ors_shortest_with_turn_costs_highways finished totalMB:1024, usedMB:307
2025-09-28 12:30:53 INFO [o.h.o.r.g.e.c.CoreLMPreparationHandler  ] - 4/4 calling LM prepare.doWork for limited_access|shortest|car_ors ... (totalMB:1024, usedMB:308)
2025-09-28 12:30:53 INFO [o.h.o.r.g.e.c.CoreLMPreparationHandler  ] - LM car_ors_shortest_with_turn_costs_allow_all finished totalMB:1024, usedMB:655
2025-09-28 12:30:53 INFO [o.h.o.r.g.e.c.CoreLMPreparationHandler  ] - Finished LM preparation, totalMB:1024, usedMB:655
2025-09-28 12:30:53 INFO [o.h.o.r.g.e.ORSGraphHopper              ] - flushing graph CH|car_ors|RAM_STORE|3D|turn_cost|7,20,5,4,5, details:edges:20 824(1MB), nodes:17 462(1MB), name:(2MB), geo:137 672(1MB), bounds:7.7084693,9.103966900000001,49.3325699,49.5168325,89.0,582.0, shortcuts:12 416 (1MB), nodesCH:17 462 (1MB), shortcuts:16 195 (1MB), nodesCH:17 462 (1MB), shortcuts:17 072 (1MB), nodesCH:17 462 (1MB), totalMB:1024, usedMB:655)
2025-09-28 12:30:53 INFO [o.h.o.r.g.e.ORSGraphHopper              ] - flushed graph totalMB:1024, usedMB:673)
2025-09-28 12:30:53 INFO [o.h.o.r.RoutingProfile                  ] - [1] Profile: 'driving-car', encoder: 'driving-car', location: 'graphs/driving-car'.
2025-09-28 12:30:53 INFO [o.h.o.r.RoutingProfile                  ] - [1] Edges: 20824 - Nodes: 17462.
2025-09-28 12:30:53 INFO [o.h.o.r.RoutingProfile                  ] - [1] Total time: 31.226s.
2025-09-28 12:30:53 INFO [o.h.o.r.RoutingProfile                  ] - [1] Finished at: 2025-09-28 12:30:53.
2025-09-28 12:30:53 INFO [o.h.o.r.RoutingProfileManager           ] - Total time: 31.277s.
2025-09-28 12:30:53 INFO [o.h.o.r.RoutingProfileManager           ] - ========================================================================
2025-09-28 12:30:53 INFO [o.h.o.r.RoutingProfileManager           ] - ====> Recycling garbage...
2025-09-28 12:30:53 INFO [o.h.o.r.RoutingProfileManager           ] - Before: Total - 1024 MB, Free - 342.90 MB, Max: 2 GB, Used - 681.10 MB
2025-09-28 12:30:53 INFO [o.h.o.r.RoutingProfileManager           ] - After: Total - 1024 MB, Free - 935.97 MB, Max: 2 GB, Used - 88.03 MB
2025-09-28 12:30:53 INFO [o.h.o.r.RoutingProfileManager           ] - ========================================================================
2025-09-28 12:30:53 INFO [o.h.o.r.RoutingProfileManager           ] - ====> Memory usage by profiles:
2025-09-28 12:30:53 INFO [o.h.o.r.RoutingProfileManager           ] - [1] 25.03 MB (28.4%)
2025-09-28 12:30:53 INFO [o.h.o.r.RoutingProfileManager           ] - Total: 25.03 MB (28.4%)
2025-09-28 12:30:53 INFO [o.h.o.r.RoutingProfileManager           ] - ========================================================================
2025-09-28 12:31:08 INFO [o.h.o.a.s.l.ORSInitContextListener      ] - Shutting down openrouteservice {"build_date":"2025-06-06T15:39:25Z","graph_version":"2","graph_date":"2025-09-28T12:30:50Z","osm_date":"2024-09-08T20:21:00Z","version":"9.3.0"} and releasing resources.
2025-10-19 12:14:16 INFO [o.h.o.a.Application                     ] - Starting Application v9.3.0 using Java 21.0.6 with PID 1 (/ors.jar started by root in /home/ors)
2025-10-19 12:14:16 INFO [o.h.o.a.Application                     ] - The following 1 profile is active: "default"
2025-10-19 12:14:17 INFO [o.h.o.a.ORSEnvironmentPostProcessor     ] - 
2025-10-19 12:14:17 INFO [o.h.o.a.ORSEnvironmentPostProcessor     ] - Configuration lookup started.
2025-10-19 12:14:17 INFO [o.h.o.a.ORSEnvironmentPostProcessor     ] - ORS config file found at: /home/ors/config/ors-config.yml
2025-10-19 12:14:17 INFO [o.h.o.a.ORSEnvironmentPostProcessor     ] - Configuration file set by environment variable.
2025-10-19 12:14:17 INFO [o.h.o.a.ORSEnvironmentPostProcessor     ] - Loaded file '/home/ors/config/ors-config.yml'.
2025-10-19 12:14:17 INFO [o.h.o.a.ORSEnvironmentPostProcessor     ] - 
2025-10-19 12:14:17 INFO [o.h.o.a.ORSEnvironmentPostProcessor     ] - Environment variables overriding openrouteservice configuration parameters detected: 
2025-10-19 12:14:17 INFO [o.h.o.a.ORSEnvironmentPostProcessor     ] - ors.config.location=/home/ors/config/ors-config.yml
2025-10-19 12:14:17 INFO [o.h.o.a.ORSEnvironmentPostProcessor     ] - Configuration lookup finished.
2025-10-19 12:14:17 INFO [o.h.o.a.ORSEnvironmentPostProcessor     ] - 
2025-10-19 12:14:18 INFO [o.h.o.a.s.l.ORSInitContextListener      ] - Initializing ORS...
2025-10-19 12:14:18 INFO [o.h.o.r.RoutingProfileManager           ] - Total - 1024 MB, Free - 951.86 MB, Max: 2 GB, Used - 72.14 MB
2025-10-19 12:14:18 INFO [o.h.o.r.RoutingProfileManager           ] - ====> Initializing 1 profiles (1 threads) ...
2025-10-19 12:14:18 INFO [o.h.o.r.RoutingProfileManager           ] - 1 profile configurations submitted as tasks.
2025-10-19 12:14:18 INFO [o.h.o.r.g.e.c.CorePreparationHandler    ] - Using 1 threads for ch preparation threads
2025-10-19 12:14:18 INFO [o.h.o.r.g.e.c.CoreLMPreparationHandler  ] - Using 1 threads for lm preparation threads
2025-10-19 12:14:19 INFO [o.h.o.r.g.e.c.CorePreparationHandler    ] - Using 1 threads for ch preparation threads
2025-10-19 12:14:19 INFO [o.h.o.r.g.e.c.CoreLMPreparationHandler  ] - Using 1 threads for lm preparation threads
2025-10-19 12:14:19 INFO [o.h.o.r.g.e.c.CoreLMPreparationHandler  ] - Loaded landmark splitting collection from 
2025-10-19 12:14:19 INFO [o.h.o.a.Application                     ] - Started Application in 3.37 seconds (process running for 4.811)
2025-10-19 12:14:19 INFO [o.h.o.a.Application                     ] - openrouteservice {"build_date":"2025-06-06T15:39:25Z","graph_version":"2","version":"9.3.0"}
2025-10-19 12:14:19 INFO [o.h.o.r.g.e.c.CorePreparationHandler    ] - Creating CH preparations, totalMB:1024, usedMB:302
2025-10-19 12:14:19 INFO [o.h.o.r.g.e.c.CoreLMPreparationHandler  ] - Creating LM preparations, totalMB:1024, usedMB:302
2025-10-19 12:14:20 INFO [o.h.o.r.g.e.c.CoreLMPreparationHandler  ] - Finished LM preparation, totalMB:1024, usedMB:328
2025-10-19 12:14:20 INFO [o.h.o.r.g.e.ORSGraphHopper              ] - version v4.9.8|2025-04-28T13:05:33Z (7,20,5,4,5,7)
2025-10-19 12:14:20 INFO [o.h.o.r.g.e.ORSGraphHopper              ] - graph CH|car_ors|RAM_STORE|3D|turn_cost|7,20,5,4,5, details:edges:20 824(1MB), nodes:17 462(1MB), name:(2MB), geo:137 672(1MB), bounds:7.7084693,9.1039669,49.3325699,49.5168325,89.0,582.0, shortcuts:12 416 (1MB), nodesCH:17 462 (1MB), shortcuts:16 195 (1MB), nodesCH:17 462 (1MB), shortcuts:17 072 (1MB), nodesCH:17 462 (1MB)
2025-10-19 12:14:20 INFO [o.h.o.r.RoutingProfile                  ] - [1] Profile: 'driving-car', encoder: 'driving-car', location: 'graphs/driving-car'.
2025-10-19 12:14:20 INFO [o.h.o.r.RoutingProfile                  ] - [1] Edges: 20824 - Nodes: 17462.
2025-10-19 12:14:20 INFO [o.h.o.r.RoutingProfile                  ] - [1] Total time: 1.21s.
2025-10-19 12:14:20 INFO [o.h.o.r.RoutingProfile                  ] - [1] Finished at: 2025-10-19 12:14:20.
2025-10-19 12:14:20 INFO [o.h.o.r.RoutingProfileManager           ] - Total time: 1.374s.
2025-10-19 12:14:20 INFO [o.h.o.r.RoutingProfileManager           ] - ========================================================================
2025-10-19 12:14:20 INFO [o.h.o.r.RoutingProfileManager           ] - ====> Recycling garbage...
2025-10-19 12:14:20 INFO [o.h.o.r.RoutingProfileManager           ] - Before: Total - 1024 MB, Free - 694.36 MB, Max: 2 GB, Used - 329.64 MB
2025-10-19 12:14:20 INFO [o.h.o.r.RoutingProfileManager           ] - After: Total - 1024 MB, Free - 938.29 MB, Max: 2 GB, Used - 85.71 MB
2025-10-19 12:14:20 INFO [o.h.o.r.RoutingProfileManager           ] - ========================================================================
2025-10-19 12:14:20 INFO [o.h.o.r.RoutingProfileManager           ] - ====> Memory usage by profiles:
2025-10-19 12:14:20 INFO [o.h.o.r.RoutingProfileManager           ] - [1] 25.03 MB (29.0%)
2025-10-19 12:14:20 INFO [o.h.o.r.RoutingProfileManager           ] - Total: 25.03 MB (29.0%)
2025-10-19 12:14:20 INFO [o.h.o.r.RoutingProfileManager           ] - ========================================================================
2025-10-19 14:33:27 INFO [o.h.o.a.s.l.ORSInitContextListener      ] - Shutting down openrouteservice {"build_date":"2025-06-06T15:39:25Z","graph_version":"2","graph_date":"2025-09-28T12:30:50Z","osm_date":"2024-09-08T20:21:00Z","version":"9.3.0"} and releasing resources.
